<?xml version="1.0" encoding="UTF-8"?>
<testng-results skipped="0" failed="0" ignored="0" total="1" passed="1">
  <reporter-output>
  </reporter-output>
  <suite name="Default suite" duration-ms="137" started-at="2022-06-08T15:12:48Z" finished-at="2022-06-08T15:12:48Z">
    <groups>
    </groups>
    <test name="Default test" duration-ms="137" started-at="2022-06-08T15:12:48Z" finished-at="2022-06-08T15:12:48Z">
      <class name="org.test.SampleProject">
        <test-method status="PASS" signature="testA1()[pri:0, instance:org.test.SampleProject@77cd7a0]" name="testA1" duration-ms="46" started-at="2022-06-08T15:12:48Z" finished-at="2022-06-08T15:12:48Z">
          <reporter-output>
          </reporter-output>
        </test-method> <!-- testA1 -->
      </class> <!-- org.test.SampleProject -->
    </test> <!-- Default test -->
  </suite> <!-- Default suite -->
</testng-results>
